  main.cpp
C:\Users\bmalh\Desktop\Projects\C++\SoundWaves\SoundWaves\sound.h(25,1): warning C4267: 'return': conversion from 'size_t' to 'int', possible loss of data
C:\Users\bmalh\Desktop\Projects\C++\SoundWaves\SoundWaves\main.cpp(10,13): warning C4326: return type of 'main' should be 'int' instead of 'void'
C:\Users\bmalh\Desktop\Projects\C++\SoundWaves\SoundWaves\main.cpp(34,31): warning C4244: 'argument': conversion from 'int' to 'T', possible loss of data
          with
          [
              T=float
          ]
C:\Users\bmalh\Desktop\Projects\C++\SoundWaves\SoundWaves\main.cpp(35,38): warning C4244: 'argument': conversion from 'int' to 'T', possible loss of data
          with
          [
              T=float
          ]
C:\Users\bmalh\Desktop\Projects\C++\SoundWaves\SoundWaves\main.cpp(35,31): warning C4244: 'argument': conversion from 'int' to 'T', possible loss of data
          with
          [
              T=float
          ]
C:\Users\bmalh\Desktop\Projects\C++\SoundWaves\SoundWaves\main.cpp(36,34): warning C4244: 'argument': conversion from 'int' to 'T', possible loss of data
          with
          [
              T=float
          ]
C:\Users\bmalh\Desktop\Projects\C++\SoundWaves\SoundWaves\main.cpp(64,81): warning C4244: 'argument': conversion from 'int' to 'T', possible loss of data
          with
          [
              T=float
          ]
C:\Users\bmalh\Desktop\Projects\C++\SoundWaves\SoundWaves\main.cpp(64,53): warning C4244: 'argument': conversion from 'int' to 'T', possible loss of data
          with
          [
              T=float
          ]
C:\Users\bmalh\Desktop\Projects\C++\SoundWaves\SoundWaves\main.cpp(65,68): warning C4244: 'argument': conversion from 'int' to 'T', possible loss of data
          with
          [
              T=float
          ]
C:\Users\bmalh\Desktop\Projects\C++\SoundWaves\SoundWaves\main.cpp(65,53): warning C4244: 'argument': conversion from 'int' to 'T', possible loss of data
          with
          [
              T=float
          ]
C:\Users\bmalh\Desktop\Projects\C++\SoundWaves\SoundWaves\main.cpp(82,28): warning C4244: 'argument': conversion from 'int' to 'const float', possible loss of data
C:\Users\bmalh\Desktop\Projects\C++\SoundWaves\SoundWaves\main.cpp(88,28): warning C4244: 'argument': conversion from 'int' to 'const float', possible loss of data
C:\Users\bmalh\Desktop\Projects\C++\SoundWaves\SoundWaves\main.cpp(94,28): warning C4244: 'argument': conversion from 'int' to 'const float', possible loss of data
C:\Users\bmalh\Desktop\Projects\C++\SoundWaves\SoundWaves\main.cpp(98,12): warning C4305: '+=': truncation from 'double' to 'float'
C:\Program Files\Microsoft Visual Studio\2022\Community\VC\Tools\MSVC\14.32.31326\include\optional(82,17): warning C4244: 'initializing': conversion from '_Ty' to 'float', possible loss of data
          with
          [
              _Ty=int
          ]
C:\Users\bmalh\Desktop\Projects\C++\SoundWaves\SoundWaves\main.cpp(120): message : see reference to function template instantiation 'std::_Optional_destruct_base<_Ty,true>::_Optional_destruct_base<int>(std::in_place_t,int &&)' being compiled
          with
          [
              _Ty=float
          ]
C:\Users\bmalh\Desktop\Projects\C++\SoundWaves\SoundWaves\main.cpp(120): message : see reference to function template instantiation 'std::_Optional_destruct_base<_Ty,true>::_Optional_destruct_base<int>(std::in_place_t,int &&)' being compiled
          with
          [
              _Ty=float
          ]
C:\Program Files\Microsoft Visual Studio\2022\Community\VC\Tools\MSVC\14.32.31326\include\optional(238): message : see reference to function template instantiation 'std::_Optional_construct_base<_Ty>::_Optional_construct_base<int>(std::in_place_t,int &&)' being compiled
          with
          [
              _Ty=float
          ]
C:\Program Files\Microsoft Visual Studio\2022\Community\VC\Tools\MSVC\14.32.31326\include\optional(238): message : see reference to function template instantiation 'std::_Optional_construct_base<_Ty>::_Optional_construct_base<int>(std::in_place_t,int &&)' being compiled
          with
          [
              _Ty=float
          ]
C:\Users\bmalh\Desktop\Projects\C++\SoundWaves\SoundWaves\main.cpp(64): message : see reference to function template instantiation 'std::optional<float>::optional<int,0>(_Ty2 &&)' being compiled
          with
          [
              _Ty2=int
          ]
C:\Users\bmalh\Desktop\Projects\C++\SoundWaves\SoundWaves\main.cpp(64): message : see reference to function template instantiation 'std::optional<float>::optional<int,0>(_Ty2 &&)' being compiled
          with
          [
              _Ty2=int
          ]
  SoundWaves.vcxproj -> C:\Users\bmalh\Desktop\Projects\C++\SoundWaves\x64\Debug\SoundWaves.exe
